<?xml version="1.0" encoding="UTF-8"?>
<coverage generated="1522249875279" clover="3.2.0">
  <project timestamp="1522249875279" name="All files">
    <metrics statements="11" coveredstatements="8" conditionals="5" coveredconditionals="3" methods="2" coveredmethods="1" elements="18" coveredelements="12" complexity="0" loc="11" ncloc="11" packages="1" files="1" classes="1">
      <file name="connector.js" path="/Users/tristan/code/redis-loader/src/redis/connector.js">
        <metrics statements="11" coveredstatements="8" conditionals="5" coveredconditionals="3" methods="2" coveredmethods="1"/>
        <line num="2" count="1" type="stmt"/>
        <line num="3" count="1" type="stmt"/>
        <line num="4" count="1" type="stmt"/>
        <line num="7" count="1" type="cond" truecount="1" falsecount="1"/>
        <line num="8" count="1" type="stmt"/>
        <line num="11" count="0" type="stmt"/>
        <line num="12" count="0" type="stmt"/>
        <line num="19" count="1" type="stmt"/>
        <line num="20" count="0" type="stmt"/>
        <line num="22" count="1" type="stmt"/>
        <line num="24" count="1" type="stmt"/>
      </file>
    </metrics>
  </project>
</coverage>
